<?xml version="1.0" encoding="UTF-8"?>
<testsuite name="tests.LoginTest" tests="2" skipped="0" failures="0" errors="0" timestamp="2021-12-08T20:49:56" hostname="LAPTOP-TKIRCF4L" time="9.526">
  <properties/>
  <testcase name="loginSuccess[0](models.User@289fd21d)" classname="tests.LoginTest" time="0.452"/>
  <testcase name="loginSuccess[1](models.User@1126e444)" classname="tests.LoginTest" time="0.458"/>
  <system-out><![CDATA[22:49:56 [Test worker] INFO  tests.TestBase - Start test --->loginSuccess
22:49:56 [Test worker] INFO  manager.MyListener - Start search element --->By.xpath: //a[text()=' Log in ']
22:49:56 [Test worker] INFO  manager.MyListener - The element --->By.xpath: //a[text()=' Log in '] was found
22:49:56 [Test worker] INFO  tests.TestBase - With user ---->models.User@289fd21d
22:49:56 [Test worker] INFO  manager.MyListener - Start search element --->By.xpath: //a[text()=' Log in ']
22:49:56 [Test worker] INFO  manager.MyListener - The element --->By.xpath: //a[text()=' Log in '] was found
22:49:56 [Test worker] INFO  manager.MyListener - Start search element --->By.id: email
22:49:56 [Test worker] INFO  manager.MyListener - The element --->By.id: email was found
22:49:56 [Test worker] INFO  manager.MyListener - Start search element --->By.id: password
22:49:56 [Test worker] INFO  manager.MyListener - The element --->By.id: password was found
22:49:56 [Test worker] INFO  manager.MyListener - Start search element --->By.cssSelector: [type='submit']
22:49:56 [Test worker] INFO  manager.MyListener - The element --->By.cssSelector: [type='submit'] was found
22:49:57 [Test worker] INFO  manager.MyListener - Start search element --->By.xpath: //button[text()='Ok']
22:49:57 [Test worker] INFO  manager.MyListener - The element --->By.xpath: //button[text()='Ok'] was found
22:49:57 [Test worker] INFO  manager.MyListener - Start search element --->By.xpath: //button[text()='Ok']
22:49:57 [Test worker] INFO  manager.MyListener - The element --->By.xpath: //button[text()='Ok'] was found
22:49:57 [Test worker] INFO  tests.TestBase - The end of test---->loginSuccess
22:49:57 [Test worker] INFO  tests.TestBase - Start test --->loginSuccess
22:49:57 [Test worker] INFO  manager.MyListener - Start search element --->By.xpath: //a[text()=' Log in ']
22:50:05 [Test worker] INFO  manager.MyListener - The element --->By.xpath: //a[text()=' Log in '] was found
22:50:05 [Test worker] INFO  manager.MyListener - Start search element --->By.xpath: //a[text()=' Logout ']
22:50:05 [Test worker] INFO  manager.MyListener - The element --->By.xpath: //a[text()=' Logout '] was found
22:50:05 [Test worker] INFO  tests.TestBase - With user ---->models.User@1126e444
22:50:05 [Test worker] INFO  manager.MyListener - Start search element --->By.xpath: //a[text()=' Log in ']
22:50:05 [Test worker] INFO  manager.MyListener - The element --->By.xpath: //a[text()=' Log in '] was found
22:50:05 [Test worker] INFO  manager.MyListener - Start search element --->By.id: email
22:50:05 [Test worker] INFO  manager.MyListener - The element --->By.id: email was found
22:50:05 [Test worker] INFO  manager.MyListener - Start search element --->By.id: password
22:50:05 [Test worker] INFO  manager.MyListener - The element --->By.id: password was found
22:50:06 [Test worker] INFO  manager.MyListener - Start search element --->By.cssSelector: [type='submit']
22:50:06 [Test worker] INFO  manager.MyListener - The element --->By.cssSelector: [type='submit'] was found
22:50:06 [Test worker] INFO  manager.MyListener - Start search element --->By.xpath: //button[text()='Ok']
22:50:07 [Test worker] INFO  manager.MyListener - The element --->By.xpath: //button[text()='Ok'] was found
22:50:07 [Test worker] INFO  manager.MyListener - Start search element --->By.xpath: //button[text()='Ok']
22:50:07 [Test worker] INFO  manager.MyListener - The element --->By.xpath: //button[text()='Ok'] was found
22:50:07 [Test worker] INFO  tests.TestBase - The end of test---->loginSuccess
]]></system-out>
  <system-err><![CDATA[]]></system-err>
</testsuite>
